<Event xmlns='http://schemas.microsoft.com/win/2004/08/events/event'><System><Provider Name='Microsoft-Windows-Security-Auditing' Guid='{54849625-5478-4994-a5ba-3e3b0328c30d}'/><EventID>4799</EventID><Version>0</Version><Level>0</Level><Task>13826</Task><Opcode>0</Opcode><Keywords>0x8020000000000000</Keywords><TimeCreated SystemTime='2022-12-14T08:39:14.6556687Z'/><EventRecordID>413</EventRecordID><Correlation ActivityID='{0e57826e-0fe1-0001-e782-570ee10fd901}'/><Execution ProcessID='664' ThreadID='704'/><Channel>Security</Channel><Computer>DESKTOP-LJSP0ER</Computer><Security/></System><EventData><Data Name='TargetUserName'>Administrators</Data><Data Name='TargetDomainName'>Builtin</Data><Data Name='TargetSid'>S-1-5-32-544</Data><Data Name='SubjectUserSid'>S-1-5-18</Data><Data Name='SubjectUserName'>WIN-PJS5KK56GBI$</Data><Data Name='SubjectDomainName'>WORKGROUP</Data><Data Name='SubjectLogonId'>0x3e7</Data><Data Name='CallerProcessId'>0xeac</Data><Data Name='CallerProcessName'>C:\Windows\System32\CloudExperienceHostBroker.exe</Data></EventData></Event><Event xmlns='http://schemas.microsoft.com/win/2004/08/events/event'><System><Provider Name='Microsoft-Windows-Security-Auditing' Guid='{54849625-5478-4994-a5ba-3e3b0328c30d}'/><EventID>4799</EventID><Version>0</Version><Level>0</Level><Task>13826</Task><Opcode>0</Opcode><Keywords>0x8020000000000000</Keywords><TimeCreated SystemTime='2022-12-14T08:39:14.6515656Z'/><EventRecordID>411</EventRecordID><Correlation ActivityID='{0e57826e-0fe1-0001-e782-570ee10fd901}'/><Execution ProcessID='664' ThreadID='704'/><Channel>Security</Channel><Computer>DESKTOP-LJSP0ER</Computer><Security/></System><EventData><Data Name='TargetUserName'>Administrators</Data><Data Name='TargetDomainName'>Builtin</Data><Data Name='TargetSid'>S-1-5-32-544</Data><Data Name='SubjectUserSid'>S-1-5-18</Data><Data Name='SubjectUserName'>WIN-PJS5KK56GBI$</Data><Data Name='SubjectDomainName'>WORKGROUP</Data><Data Name='SubjectLogonId'>0x3e7</Data><Data Name='CallerProcessId'>0xeac</Data><Data Name='CallerProcessName'>C:\Windows\System32\CloudExperienceHostBroker.exe</Data></EventData></Event><Event xmlns='http://schemas.microsoft.com/win/2004/08/events/event'><System><Provider Name='Microsoft-Windows-Security-Auditing' Guid='{54849625-5478-4994-a5ba-3e3b0328c30d}'/><EventID>4799</EventID><Version>0</Version><Level>0</Level><Task>13826</Task><Opcode>0</Opcode><Keywords>0x8020000000000000</Keywords><TimeCreated SystemTime='2022-12-14T08:39:14.6514651Z'/><EventRecordID>410</EventRecordID><Correlation ActivityID='{0e57826e-0fe1-0001-e782-570ee10fd901}'/><Execution ProcessID='664' ThreadID='704'/><Channel>Security</Channel><Computer>DESKTOP-LJSP0ER</Computer><Security/></System><EventData><Data Name='TargetUserName'>Administrators</Data><Data Name='TargetDomainName'>Builtin</Data><Data Name='TargetSid'>S-1-5-32-544</Data><Data Name='SubjectUserSid'>S-1-5-18</Data><Data Name='SubjectUserName'>WIN-PJS5KK56GBI$</Data><Data Name='SubjectDomainName'>WORKGROUP</Data><Data Name='SubjectLogonId'>0x3e7</Data><Data Name='CallerProcessId'>0xeac</Data><Data Name='CallerProcessName'>C:\Windows\System32\CloudExperienceHostBroker.exe</Data></EventData></Event><Event xmlns='http://schemas.microsoft.com/win/2004/08/events/event'><System><Provider Name='Microsoft-Windows-Security-Auditing' Guid='{54849625-5478-4994-a5ba-3e3b0328c30d}'/><EventID>4799</EventID><Version>0</Version><Level>0</Level><Task>13826</Task><Opcode>0</Opcode><Keywords>0x8020000000000000</Keywords><TimeCreated SystemTime='2022-12-14T08:27:31.0578220Z'/><EventRecordID>382</EventRecordID><Correlation ActivityID='{0e57826e-0fe1-0001-e782-570ee10fd901}'/><Execution ProcessID='664' ThreadID='716'/><Channel>Security</Channel><Computer>DESKTOP-LJSP0ER</Computer><Security/></System><EventData><Data Name='TargetUserName'>Backup Operators</Data><Data Name='TargetDomainName'>Builtin</Data><Data Name='TargetSid'>S-1-5-32-551</Data><Data Name='SubjectUserSid'>S-1-5-18</Data><Data Name='SubjectUserName'>WIN-PJS5KK56GBI$</Data><Data Name='SubjectDomainName'>WORKGROUP</Data><Data Name='SubjectLogonId'>0x3e7</Data><Data Name='CallerProcessId'>0x114</Data><Data Name='CallerProcessName'>C:\Windows\System32\svchost.exe</Data></EventData></Event><Event xmlns='http://schemas.microsoft.com/win/2004/08/events/event'><System><Provider Name='Microsoft-Windows-Security-Auditing' Guid='{54849625-5478-4994-a5ba-3e3b0328c30d}'/><EventID>4799</EventID><Version>0</Version><Level>0</Level><Task>13826</Task><Opcode>0</Opcode><Keywords>0x8020000000000000</Keywords><TimeCreated SystemTime='2022-12-14T08:27:31.0573293Z'/><EventRecordID>381</EventRecordID><Correlation ActivityID='{0e57826e-0fe1-0001-e782-570ee10fd901}'/><Execution ProcessID='664' ThreadID='716'/><Channel>Security</Channel><Computer>DESKTOP-LJSP0ER</Computer><Security/></System><EventData><Data Name='TargetUserName'>Administrators</Data><Data Name='TargetDomainName'>Builtin</Data><Data Name='TargetSid'>S-1-5-32-544</Data><Data Name='SubjectUserSid'>S-1-5-18</Data><Data Name='SubjectUserName'>WIN-PJS5KK56GBI$</Data><Data Name='SubjectDomainName'>WORKGROUP</Data><Data Name='SubjectLogonId'>0x3e7</Data><Data Name='CallerProcessId'>0x114</Data><Data Name='CallerProcessName'>C:\Windows\System32\svchost.exe</Data></EventData></Event><Event xmlns='http://schemas.microsoft.com/win/2004/08/events/event'><System><Provider Name='Microsoft-Windows-Security-Auditing' Guid='{54849625-5478-4994-a5ba-3e3b0328c30d}'/><EventID>4799</EventID><Version>0</Version><Level>0</Level><Task>13826</Task><Opcode>0</Opcode><Keywords>0x8020000000000000</Keywords><TimeCreated SystemTime='2022-12-14T17:25:49.4178213Z'/><EventRecordID>278</EventRecordID><Correlation ActivityID='{0e57826e-0fe1-0001-e782-570ee10fd901}'/><Execution ProcessID='664' ThreadID='704'/><Channel>Security</Channel><Computer>DESKTOP-LJSP0ER</Computer><Security/></System><EventData><Data Name='TargetUserName'>Administrators</Data><Data Name='TargetDomainName'>Builtin</Data><Data Name='TargetSid'>S-1-5-32-544</Data><Data Name='SubjectUserSid'>S-1-5-18</Data><Data Name='SubjectUserName'>WIN-PJS5KK56GBI$</Data><Data Name='SubjectDomainName'>WORKGROUP</Data><Data Name='SubjectLogonId'>0x3e7</Data><Data Name='CallerProcessId'>0x114</Data><Data Name='CallerProcessName'>C:\Windows\System32\svchost.exe</Data></EventData></Event><Event xmlns='http://schemas.microsoft.com/win/2004/08/events/event'><System><Provider Name='Microsoft-Windows-Security-Auditing' Guid='{54849625-5478-4994-a5ba-3e3b0328c30d}'/><EventID>4799</EventID><Version>0</Version><Level>0</Level><Task>13826</Task><Opcode>0</Opcode><Keywords>0x8020000000000000</Keywords><TimeCreated SystemTime='2022-12-14T17:25:48.5412451Z'/><EventRecordID>273</EventRecordID><Correlation ActivityID='{0e57826e-0fe1-0001-e782-570ee10fd901}'/><Execution ProcessID='664' ThreadID='716'/><Channel>Security</Channel><Computer>DESKTOP-LJSP0ER</Computer><Security/></System><EventData><Data Name='TargetUserName'>Backup Operators</Data><Data Name='TargetDomainName'>Builtin</Data><Data Name='TargetSid'>S-1-5-32-551</Data><Data Name='SubjectUserSid'>S-1-5-18</Data><Data Name='SubjectUserName'>WIN-PJS5KK56GBI$</Data><Data Name='SubjectDomainName'>WORKGROUP</Data><Data Name='SubjectLogonId'>0x3e7</Data><Data Name='CallerProcessId'>0x114</Data><Data Name='CallerProcessName'>C:\Windows\System32\svchost.exe</Data></EventData></Event><Event xmlns='http://schemas.microsoft.com/win/2004/08/events/event'><System><Provider Name='Microsoft-Windows-Security-Auditing' Guid='{54849625-5478-4994-a5ba-3e3b0328c30d}'/><EventID>4799</EventID><Version>0</Version><Level>0</Level><Task>13826</Task><Opcode>0</Opcode><Keywords>0x8020000000000000</Keywords><TimeCreated SystemTime='2022-12-14T17:25:48.5400402Z'/><EventRecordID>272</EventRecordID><Correlation ActivityID='{0e57826e-0fe1-0001-e782-570ee10fd901}'/><Execution ProcessID='664' ThreadID='716'/><Channel>Security</Channel><Computer>DESKTOP-LJSP0ER</Computer><Security/></System><EventData><Data Name='TargetUserName'>Administrators</Data><Data Name='TargetDomainName'>Builtin</Data><Data Name='TargetSid'>S-1-5-32-544</Data><Data Name='SubjectUserSid'>S-1-5-18</Data><Data Name='SubjectUserName'>WIN-PJS5KK56GBI$</Data><Data Name='SubjectDomainName'>WORKGROUP</Data><Data Name='SubjectLogonId'>0x3e7</Data><Data Name='CallerProcessId'>0x114</Data><Data Name='CallerProcessName'>C:\Windows\System32\svchost.exe</Data></EventData></Event><Event xmlns='http://schemas.microsoft.com/win/2004/08/events/event'><System><Provider Name='Microsoft-Windows-Security-Auditing' Guid='{54849625-5478-4994-a5ba-3e3b0328c30d}'/><EventID>4799</EventID><Version>0</Version><Level>0</Level><Task>13826</Task><Opcode>0</Opcode><Keywords>0x8020000000000000</Keywords><TimeCreated SystemTime='2022-12-14T17:25:46.3091058Z'/><EventRecordID>271</EventRecordID><Correlation ActivityID='{0e57826e-0fe1-0001-e782-570ee10fd901}'/><Execution ProcessID='664' ThreadID='704'/><Channel>Security</Channel><Computer>DESKTOP-LJSP0ER</Computer><Security/></System><EventData><Data Name='TargetUserName'>Backup Operators</Data><Data Name='TargetDomainName'>Builtin</Data><Data Name='TargetSid'>S-1-5-32-551</Data><Data Name='SubjectUserSid'>S-1-5-18</Data><Data Name='SubjectUserName'>WIN-PJS5KK56GBI$</Data><Data Name='SubjectDomainName'>WORKGROUP</Data><Data Name='SubjectLogonId'>0x3e7</Data><Data Name='CallerProcessId'>0xbc0</Data><Data Name='CallerProcessName'>C:\Windows\System32\SearchIndexer.exe</Data></EventData></Event><Event xmlns='http://schemas.microsoft.com/win/2004/08/events/event'><System><Provider Name='Microsoft-Windows-Security-Auditing' Guid='{54849625-5478-4994-a5ba-3e3b0328c30d}'/><EventID>4799</EventID><Version>0</Version><Level>0</Level><Task>13826</Task><Opcode>0</Opcode><Keywords>0x8020000000000000</Keywords><TimeCreated SystemTime='2022-12-14T17:25:46.3084157Z'/><EventRecordID>270</EventRecordID><Correlation ActivityID='{0e57826e-0fe1-0001-e782-570ee10fd901}'/><Execution ProcessID='664' ThreadID='704'/><Channel>Security</Channel><Computer>DESKTOP-LJSP0ER</Computer><Security/></System><EventData><Data Name='TargetUserName'>Administrators</Data><Data Name='TargetDomainName'>Builtin</Data><Data Name='TargetSid'>S-1-5-32-544</Data><Data Name='SubjectUserSid'>S-1-5-18</Data><Data Name='SubjectUserName'>WIN-PJS5KK56GBI$</Data><Data Name='SubjectDomainName'>WORKGROUP</Data><Data Name='SubjectLogonId'>0x3e7</Data><Data Name='CallerProcessId'>0xbc0</Data><Data Name='CallerProcessName'>C:\Windows\System32\SearchIndexer.exe</Data></EventData></Event><Event xmlns='http://schemas.microsoft.com/win/2004/08/events/event'><System><Provider Name='Microsoft-Windows-Security-Auditing' Guid='{54849625-5478-4994-a5ba-3e3b0328c30d}'/><EventID>4799</EventID><Version>0</Version><Level>0</Level><Task>13826</Task><Opcode>0</Opcode><Keywords>0x8020000000000000</Keywords><TimeCreated SystemTime='2022-12-14T17:25:44.1942233Z'/><EventRecordID>263</EventRecordID><Correlation ActivityID='{0e57826e-0fe1-0001-e782-570ee10fd901}'/><Execution ProcessID='664' ThreadID='704'/><Channel>Security</Channel><Computer>DESKTOP-LJSP0ER</Computer><Security/></System><EventData><Data Name='TargetUserName'>Administrators</Data><Data Name='TargetDomainName'>Builtin</Data><Data Name='TargetSid'>S-1-5-32-544</Data><Data Name='SubjectUserSid'>S-1-5-18</Data><Data Name='SubjectUserName'>WIN-PJS5KK56GBI$</Data><Data Name='SubjectDomainName'>WORKGROUP</Data><Data Name='SubjectLogonId'>0x3e7</Data><Data Name='CallerProcessId'>0x114</Data><Data Name='CallerProcessName'>C:\Windows\System32\svchost.exe</Data></EventData></Event><Event xmlns='http://schemas.microsoft.com/win/2004/08/events/event'><System><Provider Name='Microsoft-Windows-Security-Auditing' Guid='{54849625-5478-4994-a5ba-3e3b0328c30d}'/><EventID>4799</EventID><Version>0</Version><Level>0</Level><Task>13826</Task><Opcode>0</Opcode><Keywords>0x8020000000000000</Keywords><TimeCreated SystemTime='2022-12-14T17:25:40.7865973Z'/><EventRecordID>183</EventRecordID><Correlation ActivityID='{0e57826e-0fe1-0001-e782-570ee10fd901}'/><Execution ProcessID='664' ThreadID='704'/><Channel>Security</Channel><Computer>DESKTOP-LJSP0ER</Computer><Security/></System><EventData><Data Name='TargetUserName'>Backup Operators</Data><Data Name='TargetDomainName'>Builtin</Data><Data Name='TargetSid'>S-1-5-32-551</Data><Data Name='SubjectUserSid'>S-1-5-20</Data><Data Name='SubjectUserName'>WIN-PJS5KK56GBI$</Data><Data Name='SubjectDomainName'>WORKGROUP</Data><Data Name='SubjectLogonId'>0x3e4</Data><Data Name='CallerProcessId'>0x4f4</Data><Data Name='CallerProcessName'>C:\Windows\System32\svchost.exe</Data></EventData></Event><Event xmlns='http://schemas.microsoft.com/win/2004/08/events/event'><System><Provider Name='Microsoft-Windows-Security-Auditing' Guid='{54849625-5478-4994-a5ba-3e3b0328c30d}'/><EventID>4799</EventID><Version>0</Version><Level>0</Level><Task>13826</Task><Opcode>0</Opcode><Keywords>0x8020000000000000</Keywords><TimeCreated SystemTime='2022-12-14T17:25:40.7846039Z'/><EventRecordID>182</EventRecordID><Correlation ActivityID='{0e57826e-0fe1-0001-e782-570ee10fd901}'/><Execution ProcessID='664' ThreadID='704'/><Channel>Security</Channel><Computer>DESKTOP-LJSP0ER</Computer><Security/></System><EventData><Data Name='TargetUserName'>Administrators</Data><Data Name='TargetDomainName'>Builtin</Data><Data Name='TargetSid'>S-1-5-32-544</Data><Data Name='SubjectUserSid'>S-1-5-20</Data><Data Name='SubjectUserName'>WIN-PJS5KK56GBI$</Data><Data Name='SubjectDomainName'>WORKGROUP</Data><Data Name='SubjectLogonId'>0x3e4</Data><Data Name='CallerProcessId'>0x4f4</Data><Data Name='CallerProcessName'>C:\Windows\System32\svchost.exe</Data></EventData></Event><Event xmlns='http://schemas.microsoft.com/win/2004/08/events/event'><System><Provider Name='Microsoft-Windows-Security-Auditing' Guid='{54849625-5478-4994-a5ba-3e3b0328c30d}'/><EventID>4799</EventID><Version>0</Version><Level>0</Level><Task>13826</Task><Opcode>0</Opcode><Keywords>0x8020000000000000</Keywords><TimeCreated SystemTime='2022-12-14T17:25:38.9414310Z'/><EventRecordID>163</EventRecordID><Correlation ActivityID='{0e57826e-0fe1-0001-e782-570ee10fd901}'/><Execution ProcessID='664' ThreadID='704'/><Channel>Security</Channel><Computer>DESKTOP-LJSP0ER</Computer><Security/></System><EventData><Data Name='TargetUserName'>Administrators</Data><Data Name='TargetDomainName'>Builtin</Data><Data Name='TargetSid'>S-1-5-32-544</Data><Data Name='SubjectUserSid'>S-1-5-18</Data><Data Name='SubjectUserName'>WIN-PJS5KK56GBI$</Data><Data Name='SubjectDomainName'>WORKGROUP</Data><Data Name='SubjectLogonId'>0x3e7</Data><Data Name='CallerProcessId'>0x460</Data><Data Name='CallerProcessName'>C:\Windows\System32\oobe\msoobe.exe</Data></EventData></Event><Event xmlns='http://schemas.microsoft.com/win/2004/08/events/event'><System><Provider Name='Microsoft-Windows-Security-Auditing' Guid='{54849625-5478-4994-a5ba-3e3b0328c30d}'/><EventID>4799</EventID><Version>0</Version><Level>0</Level><Task>13826</Task><Opcode>0</Opcode><Keywords>0x8020000000000000</Keywords><TimeCreated SystemTime='2022-12-14T17:25:38.9409131Z'/><EventRecordID>162</EventRecordID><Correlation ActivityID='{0e57826e-0fe1-0001-e782-570ee10fd901}'/><Execution ProcessID='664' ThreadID='704'/><Channel>Security</Channel><Computer>DESKTOP-LJSP0ER</Computer><Security/></System><EventData><Data Name='TargetUserName'>Administrators</Data><Data Name='TargetDomainName'>Builtin</Data><Data Name='TargetSid'>S-1-5-32-544</Data><Data Name='SubjectUserSid'>S-1-5-18</Data><Data Name='SubjectUserName'>WIN-PJS5KK56GBI$</Data><Data Name='SubjectDomainName'>WORKGROUP</Data><Data Name='SubjectLogonId'>0x3e7</Data><Data Name='CallerProcessId'>0x460</Data><Data Name='CallerProcessName'>C:\Windows\System32\oobe\msoobe.exe</Data></EventData></Event><Event xmlns='http://schemas.microsoft.com/win/2004/08/events/event'><System><Provider Name='Microsoft-Windows-Security-Auditing' Guid='{54849625-5478-4994-a5ba-3e3b0328c30d}'/><EventID>4799</EventID><Version>0</Version><Level>0</Level><Task>13826</Task><Opcode>0</Opcode><Keywords>0x8020000000000000</Keywords><TimeCreated SystemTime='2022-12-14T17:25:38.9320924Z'/><EventRecordID>160</EventRecordID><Correlation ActivityID='{0e57826e-0fe1-0001-e782-570ee10fd901}'/><Execution ProcessID='664' ThreadID='704'/><Channel>Security</Channel><Computer>DESKTOP-LJSP0ER</Computer><Security/></System><EventData><Data Name='TargetUserName'>Administrators</Data><Data Name='TargetDomainName'>Builtin</Data><Data Name='TargetSid'>S-1-5-32-544</Data><Data Name='SubjectUserSid'>S-1-5-18</Data><Data Name='SubjectUserName'>WIN-PJS5KK56GBI$</Data><Data Name='SubjectDomainName'>WORKGROUP</Data><Data Name='SubjectLogonId'>0x3e7</Data><Data Name='CallerProcessId'>0x460</Data><Data Name='CallerProcessName'>C:\Windows\System32\oobe\msoobe.exe</Data></EventData></Event><Event xmlns='http://schemas.microsoft.com/win/2004/08/events/event'><System><Provider Name='Microsoft-Windows-Security-Auditing' Guid='{54849625-5478-4994-a5ba-3e3b0328c30d}'/><EventID>4799</EventID><Version>0</Version><Level>0</Level><Task>13826</Task><Opcode>0</Opcode><Keywords>0x8020000000000000</Keywords><TimeCreated SystemTime='2022-12-14T17:25:38.9318186Z'/><EventRecordID>159</EventRecordID><Correlation ActivityID='{0e57826e-0fe1-0001-e782-570ee10fd901}'/><Execution ProcessID='664' ThreadID='704'/><Channel>Security</Channel><Computer>DESKTOP-LJSP0ER</Computer><Security/></System><EventData><Data Name='TargetUserName'>Administrators</Data><Data Name='TargetDomainName'>Builtin</Data><Data Name='TargetSid'>S-1-5-32-544</Data><Data Name='SubjectUserSid'>S-1-5-18</Data><Data Name='SubjectUserName'>WIN-PJS5KK56GBI$</Data><Data Name='SubjectDomainName'>WORKGROUP</Data><Data Name='SubjectLogonId'>0x3e7</Data><Data Name='CallerProcessId'>0x460</Data><Data Name='CallerProcessName'>C:\Windows\System32\oobe\msoobe.exe</Data></EventData></Event><Event xmlns='http://schemas.microsoft.com/win/2004/08/events/event'><System><Provider Name='Microsoft-Windows-Security-Auditing' Guid='{54849625-5478-4994-a5ba-3e3b0328c30d}'/><EventID>4799</EventID><Version>0</Version><Level>0</Level><Task>13826</Task><Opcode>0</Opcode><Keywords>0x8020000000000000</Keywords><TimeCreated SystemTime='2022-12-14T17:24:20.3792305Z'/><EventRecordID>112</EventRecordID><Correlation ActivityID='{d2a307e7-0fe0-0000-0a0a-a3d2e00fd901}'/><Execution ProcessID='668' ThreadID='800'/><Channel>Security</Channel><Computer>WIN-PJS5KK56GBI</Computer><Security/></System><EventData><Data Name='TargetUserName'>Users</Data><Data Name='TargetDomainName'>Builtin</Data><Data Name='TargetSid'>S-1-5-32-545</Data><Data Name='SubjectUserSid'>S-1-5-18</Data><Data Name='SubjectUserName'>MINWINPC$</Data><Data Name='SubjectDomainName'></Data><Data Name='SubjectLogonId'>0x3e7</Data><Data Name='CallerProcessId'>0x1290</Data><Data Name='CallerProcessName'>C:\Program Files (x86)\Microsoft\Edge\Application\92.0.902.67\Installer\setup.exe</Data></EventData></Event><Event xmlns='http://schemas.microsoft.com/win/2004/08/events/event'><System><Provider Name='Microsoft-Windows-Security-Auditing' Guid='{54849625-5478-4994-a5ba-3e3b0328c30d}'/><EventID>4799</EventID><Version>0</Version><Level>0</Level><Task>13826</Task><Opcode>0</Opcode><Keywords>0x8020000000000000</Keywords><TimeCreated SystemTime='2022-12-14T17:23:59.4237781Z'/><EventRecordID>82</EventRecordID><Correlation ActivityID='{d2a307e7-0fe0-0000-0a0a-a3d2e00fd901}'/><Execution ProcessID='668' ThreadID='728'/><Channel>Security</Channel><Computer>WIN-PJS5KK56GBI</Computer><Security/></System><EventData><Data Name='TargetUserName'>Users</Data><Data Name='TargetDomainName'>Builtin</Data><Data Name='TargetSid'>S-1-5-32-545</Data><Data Name='SubjectUserSid'>S-1-5-18</Data><Data Name='SubjectUserName'>MINWINPC$</Data><Data Name='SubjectDomainName'></Data><Data Name='SubjectLogonId'>0x3e7</Data><Data Name='CallerProcessId'>0x27c</Data><Data Name='CallerProcessName'>C:\Windows\System32\services.exe</Data></EventData></Event></Events>