<?xml version="1.0" encoding="utf-8" standalone="yes"?>
<Events><Event xmlns='http://schemas.microsoft.com/win/2004/08/events/event'><System><Provider Name='Microsoft-Windows-Security-Auditing' Guid='{54849625-5478-4994-a5ba-3e3b0328c30d}'/><EventID>4799</EventID><Version>0</Version><Level>0</Level><Task>13826</Task><Opcode>0</Opcode><Keywords>0x8020000000000000</Keywords><TimeCreated SystemTime='2022-12-17T09:59:53.7284080Z'/><EventRecordID>37702</EventRecordID><Correlation ActivityID='{6f6f9c4e-1178-0000-479d-6f6f7811d901}'/><Execution ProcessID='664' ThreadID='808'/><Channel>Security</Channel><Computer>DESKTOP-LJSP0ER</Computer><Security/></System><EventData><Data Name='TargetUserName'>Administrators</Data><Data Name='TargetDomainName'>Builtin</Data><Data Name='TargetSid'>S-1-5-32-544</Data><Data Name='SubjectUserSid'>S-1-5-21-3424135169-4158625805-3841904879-1001</Data><Data Name='SubjectUserName'>mthcht</Data><Data Name='SubjectDomainName'>DESKTOP-LJSP0ER</Data><Data Name='SubjectLogonId'>0x1b62b</Data><Data Name='CallerProcessId'>0x948</Data><Data Name='CallerProcessName'>C:\Windows\System32\WindowsPowerShell\v1.0\powershell.exe</Data></EventData></Event><Event xmlns='http://schemas.microsoft.com/win/2004/08/events/event'><System><Provider Name='Microsoft-Windows-Security-Auditing' Guid='{54849625-5478-4994-a5ba-3e3b0328c30d}'/><EventID>4799</EventID><Version>0</Version><Level>0</Level><Task>13826</Task><Opcode>0</Opcode><Keywords>0x8020000000000000</Keywords><TimeCreated SystemTime='2022-12-17T09:59:53.5115583Z'/><EventRecordID>37677</EventRecordID><Correlation ActivityID='{6f6f9c4e-1178-0000-479d-6f6f7811d901}'/><Execution ProcessID='664' ThreadID='808'/><Channel>Security</Channel><Computer>DESKTOP-LJSP0ER</Computer><Security/></System><EventData><Data Name='TargetUserName'>Users</Data><Data Name='TargetDomainName'>Builtin</Data><Data Name='TargetSid'>S-1-5-32-545</Data><Data Name='SubjectUserSid'>S-1-5-21-3424135169-4158625805-3841904879-1001</Data><Data Name='SubjectUserName'>mthcht</Data><Data Name='SubjectDomainName'>DESKTOP-LJSP0ER</Data><Data Name='SubjectLogonId'>0x1b62b</Data><Data Name='CallerProcessId'>0x948</Data><Data Name='CallerProcessName'>C:\Windows\System32\WindowsPowerShell\v1.0\powershell.exe</Data></EventData></Event><Event xmlns='http://schemas.microsoft.com/win/2004/08/events/event'><System><Provider Name='Microsoft-Windows-Security-Auditing' Guid='{54849625-5478-4994-a5ba-3e3b0328c30d}'/><EventID>4799</EventID><Version>0</Version><Level>0</Level><Task>13826</Task><Opcode>0</Opcode><Keywords>0x8020000000000000</Keywords><TimeCreated SystemTime='2022-12-17T09:59:53.5112004Z'/><EventRecordID>37674</EventRecordID><Correlation ActivityID='{6f6f9c4e-1178-0000-479d-6f6f7811d901}'/><Execution ProcessID='664' ThreadID='808'/><Channel>Security</Channel><Computer>DESKTOP-LJSP0ER</Computer><Security/></System><EventData><Data Name='TargetUserName'>System Managed Accounts Group</Data><Data Name='TargetDomainName'>Builtin</Data><Data Name='TargetSid'>S-1-5-32-581</Data><Data Name='SubjectUserSid'>S-1-5-21-3424135169-4158625805-3841904879-1001</Data><Data Name='SubjectUserName'>mthcht</Data><Data Name='SubjectDomainName'>DESKTOP-LJSP0ER</Data><Data Name='SubjectLogonId'>0x1b62b</Data><Data Name='CallerProcessId'>0x948</Data><Data Name='CallerProcessName'>C:\Windows\System32\WindowsPowerShell\v1.0\powershell.exe</Data></EventData></Event><Event xmlns='http://schemas.microsoft.com/win/2004/08/events/event'><System><Provider Name='Microsoft-Windows-Security-Auditing' Guid='{54849625-5478-4994-a5ba-3e3b0328c30d}'/><EventID>4799</EventID><Version>0</Version><Level>0</Level><Task>13826</Task><Opcode>0</Opcode><Keywords>0x8020000000000000</Keywords><TimeCreated SystemTime='2022-12-17T09:59:53.5107327Z'/><EventRecordID>37671</EventRecordID><Correlation ActivityID='{6f6f9c4e-1178-0000-479d-6f6f7811d901}'/><Execution ProcessID='664' ThreadID='808'/><Channel>Security</Channel><Computer>DESKTOP-LJSP0ER</Computer><Security/></System><EventData><Data Name='TargetUserName'>Replicator</Data><Data Name='TargetDomainName'>Builtin</Data><Data Name='TargetSid'>S-1-5-32-552</Data><Data Name='SubjectUserSid'>S-1-5-21-3424135169-4158625805-3841904879-1001</Data><Data Name='SubjectUserName'>mthcht</Data><Data Name='SubjectDomainName'>DESKTOP-LJSP0ER</Data><Data Name='SubjectLogonId'>0x1b62b</Data><Data Name='CallerProcessId'>0x948</Data><Data Name='CallerProcessName'>C:\Windows\System32\WindowsPowerShell\v1.0\powershell.exe</Data></EventData></Event><Event xmlns='http://schemas.microsoft.com/win/2004/08/events/event'><System><Provider Name='Microsoft-Windows-Security-Auditing' Guid='{54849625-5478-4994-a5ba-3e3b0328c30d}'/><EventID>4799</EventID><Version>0</Version><Level>0</Level><Task>13826</Task><Opcode>0</Opcode><Keywords>0x8020000000000000</Keywords><TimeCreated SystemTime='2022-12-17T09:59:53.5103497Z'/><EventRecordID>37668</EventRecordID><Correlation ActivityID='{6f6f9c4e-1178-0000-479d-6f6f7811d901}'/><Execution ProcessID='664' ThreadID='808'/><Channel>Security</Channel><Computer>DESKTOP-LJSP0ER</Computer><Security/></System><EventData><Data Name='TargetUserName'>Remote Management Users</Data><Data Name='TargetDomainName'>Builtin</Data><Data Name='TargetSid'>S-1-5-32-580</Data><Data Name='SubjectUserSid'>S-1-5-21-3424135169-4158625805-3841904879-1001</Data><Data Name='SubjectUserName'>mthcht</Data><Data Name='SubjectDomainName'>DESKTOP-LJSP0ER</Data><Data Name='SubjectLogonId'>0x1b62b</Data><Data Name='CallerProcessId'>0x948</Data><Data Name='CallerProcessName'>C:\Windows\System32\WindowsPowerShell\v1.0\powershell.exe</Data></EventData></Event><Event xmlns='http://schemas.microsoft.com/win/2004/08/events/event'><System><Provider Name='Microsoft-Windows-Security-Auditing' Guid='{54849625-5478-4994-a5ba-3e3b0328c30d}'/><EventID>4799</EventID><Version>0</Version><Level>0</Level><Task>13826</Task><Opcode>0</Opcode><Keywords>0x8020000000000000</Keywords><TimeCreated SystemTime='2022-12-17T09:59:53.5099685Z'/><EventRecordID>37665</EventRecordID><Correlation ActivityID='{6f6f9c4e-1178-0000-479d-6f6f7811d901}'/><Execution ProcessID='664' ThreadID='808'/><Channel>Security</Channel><Computer>DESKTOP-LJSP0ER</Computer><Security/></System><EventData><Data Name='TargetUserName'>Remote Desktop Users</Data><Data Name='TargetDomainName'>Builtin</Data><Data Name='TargetSid'>S-1-5-32-555</Data><Data Name='SubjectUserSid'>S-1-5-21-3424135169-4158625805-3841904879-1001</Data><Data Name='SubjectUserName'>mthcht</Data><Data Name='SubjectDomainName'>DESKTOP-LJSP0ER</Data><Data Name='SubjectLogonId'>0x1b62b</Data><Data Name='CallerProcessId'>0x948</Data><Data Name='CallerProcessName'>C:\Windows\System32\WindowsPowerShell\v1.0\powershell.exe</Data></EventData></Event><Event xmlns='http://schemas.microsoft.com/win/2004/08/events/event'><System><Provider Name='Microsoft-Windows-Security-Auditing' Guid='{54849625-5478-4994-a5ba-3e3b0328c30d}'/><EventID>4799</EventID><Version>0</Version><Level>0</Level><Task>13826</Task><Opcode>0</Opcode><Keywords>0x8020000000000000</Keywords><TimeCreated SystemTime='2022-12-17T09:59:53.5095699Z'/><EventRecordID>37662</EventRecordID><Correlation ActivityID='{6f6f9c4e-1178-0000-479d-6f6f7811d901}'/><Execution ProcessID='664' ThreadID='808'/><Channel>Security</Channel><Computer>DESKTOP-LJSP0ER</Computer><Security/></System><EventData><Data Name='TargetUserName'>Power Users</Data><Data Name='TargetDomainName'>Builtin</Data><Data Name='TargetSid'>S-1-5-32-547</Data><Data Name='SubjectUserSid'>S-1-5-21-3424135169-4158625805-3841904879-1001</Data><Data Name='SubjectUserName'>mthcht</Data><Data Name='SubjectDomainName'>DESKTOP-LJSP0ER</Data><Data Name='SubjectLogonId'>0x1b62b</Data><Data Name='CallerProcessId'>0x948</Data><Data Name='CallerProcessName'>C:\Windows\System32\WindowsPowerShell\v1.0\powershell.exe</Data></EventData></Event><Event xmlns='http://schemas.microsoft.com/win/2004/08/events/event'><System><Provider Name='Microsoft-Windows-Security-Auditing' Guid='{54849625-5478-4994-a5ba-3e3b0328c30d}'/><EventID>4799</EventID><Version>0</Version><Level>0</Level><Task>13826</Task><Opcode>0</Opcode><Keywords>0x8020000000000000</Keywords><TimeCreated SystemTime='2022-12-17T09:59:53.5091950Z'/><EventRecordID>37659</EventRecordID><Correlation ActivityID='{6f6f9c4e-1178-0000-479d-6f6f7811d901}'/><Execution ProcessID='664' ThreadID='808'/><Channel>Security</Channel><Computer>DESKTOP-LJSP0ER</Computer><Security/></System><EventData><Data Name='TargetUserName'>Performance Monitor Users</Data><Data Name='TargetDomainName'>Builtin</Data><Data Name='TargetSid'>S-1-5-32-558</Data><Data Name='SubjectUserSid'>S-1-5-21-3424135169-4158625805-3841904879-1001</Data><Data Name='SubjectUserName'>mthcht</Data><Data Name='SubjectDomainName'>DESKTOP-LJSP0ER</Data><Data Name='SubjectLogonId'>0x1b62b</Data><Data Name='CallerProcessId'>0x948</Data><Data Name='CallerProcessName'>C:\Windows\System32\WindowsPowerShell\v1.0\powershell.exe</Data></EventData></Event><Event xmlns='http://schemas.microsoft.com/win/2004/08/events/event'><System><Provider Name='Microsoft-Windows-Security-Auditing' Guid='{54849625-5478-4994-a5ba-3e3b0328c30d}'/><EventID>4799</EventID><Version>0</Version><Level>0</Level><Task>13826</Task><Opcode>0</Opcode><Keywords>0x8020000000000000</Keywords><TimeCreated SystemTime='2022-12-17T09:59:53.5085295Z'/><EventRecordID>37656</EventRecordID><Correlation ActivityID='{6f6f9c4e-1178-0000-479d-6f6f7811d901}'/><Execution ProcessID='664' ThreadID='808'/><Channel>Security</Channel><Computer>DESKTOP-LJSP0ER</Computer><Security/></System><EventData><Data Name='TargetUserName'>Performance Log Users</Data><Data Name='TargetDomainName'>Builtin</Data><Data Name='TargetSid'>S-1-5-32-559</Data><Data Name='SubjectUserSid'>S-1-5-21-3424135169-4158625805-3841904879-1001</Data><Data Name='SubjectUserName'>mthcht</Data><Data Name='SubjectDomainName'>DESKTOP-LJSP0ER</Data><Data Name='SubjectLogonId'>0x1b62b</Data><Data Name='CallerProcessId'>0x948</Data><Data Name='CallerProcessName'>C:\Windows\System32\WindowsPowerShell\v1.0\powershell.exe</Data></EventData></Event><Event xmlns='http://schemas.microsoft.com/win/2004/08/events/event'><System><Provider Name='Microsoft-Windows-Security-Auditing' Guid='{54849625-5478-4994-a5ba-3e3b0328c30d}'/><EventID>4799</EventID><Version>0</Version><Level>0</Level><Task>13826</Task><Opcode>0</Opcode><Keywords>0x8020000000000000</Keywords><TimeCreated SystemTime='2022-12-17T09:59:53.5081271Z'/><EventRecordID>37653</EventRecordID><Correlation ActivityID='{6f6f9c4e-1178-0000-479d-6f6f7811d901}'/><Execution ProcessID='664' ThreadID='808'/><Channel>Security</Channel><Computer>DESKTOP-LJSP0ER</Computer><Security/></System><EventData><Data Name='TargetUserName'>Network Configuration Operators</Data><Data Name='TargetDomainName'>Builtin</Data><Data Name='TargetSid'>S-1-5-32-556</Data><Data Name='SubjectUserSid'>S-1-5-21-3424135169-4158625805-3841904879-1001</Data><Data Name='SubjectUserName'>mthcht</Data><Data Name='SubjectDomainName'>DESKTOP-LJSP0ER</Data><Data Name='SubjectLogonId'>0x1b62b</Data><Data Name='CallerProcessId'>0x948</Data><Data Name='CallerProcessName'>C:\Windows\System32\WindowsPowerShell\v1.0\powershell.exe</Data></EventData></Event><Event xmlns='http://schemas.microsoft.com/win/2004/08/events/event'><System><Provider Name='Microsoft-Windows-Security-Auditing' Guid='{54849625-5478-4994-a5ba-3e3b0328c30d}'/><EventID>4799</EventID><Version>0</Version><Level>0</Level><Task>13826</Task><Opcode>0</Opcode><Keywords>0x8020000000000000</Keywords><TimeCreated SystemTime='2022-12-17T09:59:53.5076841Z'/><EventRecordID>37650</EventRecordID><Correlation ActivityID='{6f6f9c4e-1178-0000-479d-6f6f7811d901}'/><Execution ProcessID='664' ThreadID='808'/><Channel>Security</Channel><Computer>DESKTOP-LJSP0ER</Computer><Security/></System><EventData><Data Name='TargetUserName'>IIS_IUSRS</Data><Data Name='TargetDomainName'>Builtin</Data><Data Name='TargetSid'>S-1-5-32-568</Data><Data Name='SubjectUserSid'>S-1-5-21-3424135169-4158625805-3841904879-1001</Data><Data Name='SubjectUserName'>mthcht</Data><Data Name='SubjectDomainName'>DESKTOP-LJSP0ER</Data><Data Name='SubjectLogonId'>0x1b62b</Data><Data Name='CallerProcessId'>0x948</Data><Data Name='CallerProcessName'>C:\Windows\System32\WindowsPowerShell\v1.0\powershell.exe</Data></EventData></Event><Event xmlns='http://schemas.microsoft.com/win/2004/08/events/event'><System><Provider Name='Microsoft-Windows-Security-Auditing' Guid='{54849625-5478-4994-a5ba-3e3b0328c30d}'/><EventID>4799</EventID><Version>0</Version><Level>0</Level><Task>13826</Task><Opcode>0</Opcode><Keywords>0x8020000000000000</Keywords><TimeCreated SystemTime='2022-12-17T09:59:53.5072844Z'/><EventRecordID>37647</EventRecordID><Correlation ActivityID='{6f6f9c4e-1178-0000-479d-6f6f7811d901}'/><Execution ProcessID='664' ThreadID='808'/><Channel>Security</Channel><Computer>DESKTOP-LJSP0ER</Computer><Security/></System><EventData><Data Name='TargetUserName'>Hyper-V Administrators</Data><Data Name='TargetDomainName'>Builtin</Data><Data Name='TargetSid'>S-1-5-32-578</Data><Data Name='SubjectUserSid'>S-1-5-21-3424135169-4158625805-3841904879-1001</Data><Data Name='SubjectUserName'>mthcht</Data><Data Name='SubjectDomainName'>DESKTOP-LJSP0ER</Data><Data Name='SubjectLogonId'>0x1b62b</Data><Data Name='CallerProcessId'>0x948</Data><Data Name='CallerProcessName'>C:\Windows\System32\WindowsPowerShell\v1.0\powershell.exe</Data></EventData></Event><Event xmlns='http://schemas.microsoft.com/win/2004/08/events/event'><System><Provider Name='Microsoft-Windows-Security-Auditing' Guid='{54849625-5478-4994-a5ba-3e3b0328c30d}'/><EventID>4799</EventID><Version>0</Version><Level>0</Level><Task>13826</Task><Opcode>0</Opcode><Keywords>0x8020000000000000</Keywords><TimeCreated SystemTime='2022-12-17T09:59:53.5069180Z'/><EventRecordID>37644</EventRecordID><Correlation ActivityID='{6f6f9c4e-1178-0000-479d-6f6f7811d901}'/><Execution ProcessID='664' ThreadID='808'/><Channel>Security</Channel><Computer>DESKTOP-LJSP0ER</Computer><Security/></System><EventData><Data Name='TargetUserName'>Guests</Data><Data Name='TargetDomainName'>Builtin</Data><Data Name='TargetSid'>S-1-5-32-546</Data><Data Name='SubjectUserSid'>S-1-5-21-3424135169-4158625805-3841904879-1001</Data><Data Name='SubjectUserName'>mthcht</Data><Data Name='SubjectDomainName'>DESKTOP-LJSP0ER</Data><Data Name='SubjectLogonId'>0x1b62b</Data><Data Name='CallerProcessId'>0x948</Data><Data Name='CallerProcessName'>C:\Windows\System32\WindowsPowerShell\v1.0\powershell.exe</Data></EventData></Event><Event xmlns='http://schemas.microsoft.com/win/2004/08/events/event'><System><Provider Name='Microsoft-Windows-Security-Auditing' Guid='{54849625-5478-4994-a5ba-3e3b0328c30d}'/><EventID>4799</EventID><Version>0</Version><Level>0</Level><Task>13826</Task><Opcode>0</Opcode><Keywords>0x8020000000000000</Keywords><TimeCreated SystemTime='2022-12-17T09:59:53.5065206Z'/><EventRecordID>37641</EventRecordID><Correlation ActivityID='{6f6f9c4e-1178-0000-479d-6f6f7811d901}'/><Execution ProcessID='664' ThreadID='808'/><Channel>Security</Channel><Computer>DESKTOP-LJSP0ER</Computer><Security/></System><EventData><Data Name='TargetUserName'>Event Log Readers</Data><Data Name='TargetDomainName'>Builtin</Data><Data Name='TargetSid'>S-1-5-32-573</Data><Data Name='SubjectUserSid'>S-1-5-21-3424135169-4158625805-3841904879-1001</Data><Data Name='SubjectUserName'>mthcht</Data><Data Name='SubjectDomainName'>DESKTOP-LJSP0ER</Data><Data Name='SubjectLogonId'>0x1b62b</Data><Data Name='CallerProcessId'>0x948</Data><Data Name='CallerProcessName'>C:\Windows\System32\WindowsPowerShell\v1.0\powershell.exe</Data></EventData></Event><Event xmlns='http://schemas.microsoft.com/win/2004/08/events/event'><System><Provider Name='Microsoft-Windows-Security-Auditing' Guid='{54849625-5478-4994-a5ba-3e3b0328c30d}'/><EventID>4799</EventID><Version>0</Version><Level>0</Level><Task>13826</Task><Opcode>0</Opcode><Keywords>0x8020000000000000</Keywords><TimeCreated SystemTime='2022-12-17T09:59:53.5060773Z'/><EventRecordID>37638</EventRecordID><Correlation ActivityID='{6f6f9c4e-1178-0000-479d-6f6f7811d901}'/><Execution ProcessID='664' ThreadID='808'/><Channel>Security</Channel><Computer>DESKTOP-LJSP0ER</Computer><Security/></System><EventData><Data Name='TargetUserName'>Distributed COM Users</Data><Data Name='TargetDomainName'>Builtin</Data><Data Name='TargetSid'>S-1-5-32-562</Data><Data Name='SubjectUserSid'>S-1-5-21-3424135169-4158625805-3841904879-1001</Data><Data Name='SubjectUserName'>mthcht</Data><Data Name='SubjectDomainName'>DESKTOP-LJSP0ER</Data><Data Name='SubjectLogonId'>0x1b62b</Data><Data Name='CallerProcessId'>0x948</Data><Data Name='CallerProcessName'>C:\Windows\System32\WindowsPowerShell\v1.0\powershell.exe</Data></EventData></Event><Event xmlns='http://schemas.microsoft.com/win/2004/08/events/event'><System><Provider Name='Microsoft-Windows-Security-Auditing' Guid='{54849625-5478-4994-a5ba-3e3b0328c30d}'/><EventID>4799</EventID><Version>0</Version><Level>0</Level><Task>13826</Task><Opcode>0</Opcode><Keywords>0x8020000000000000</Keywords><TimeCreated SystemTime='2022-12-17T09:59:53.5055494Z'/><EventRecordID>37635</EventRecordID><Correlation ActivityID='{6f6f9c4e-1178-0000-479d-6f6f7811d901}'/><Execution ProcessID='664' ThreadID='808'/><Channel>Security</Channel><Computer>DESKTOP-LJSP0ER</Computer><Security/></System><EventData><Data Name='TargetUserName'>Device Owners</Data><Data Name='TargetDomainName'>Builtin</Data><Data Name='TargetSid'>S-1-5-32-583</Data><Data Name='SubjectUserSid'>S-1-5-21-3424135169-4158625805-3841904879-1001</Data><Data Name='SubjectUserName'>mthcht</Data><Data Name='SubjectDomainName'>DESKTOP-LJSP0ER</Data><Data Name='SubjectLogonId'>0x1b62b</Data><Data Name='CallerProcessId'>0x948</Data><Data Name='CallerProcessName'>C:\Windows\System32\WindowsPowerShell\v1.0\powershell.exe</Data></EventData></Event><Event xmlns='http://schemas.microsoft.com/win/2004/08/events/event'><System><Provider Name='Microsoft-Windows-Security-Auditing' Guid='{54849625-5478-4994-a5ba-3e3b0328c30d}'/><EventID>4799</EventID><Version>0</Version><Level>0</Level><Task>13826</Task><Opcode>0</Opcode><Keywords>0x8020000000000000</Keywords><TimeCreated SystemTime='2022-12-17T09:59:53.5049718Z'/><EventRecordID>37632</EventRecordID><Correlation ActivityID='{6f6f9c4e-1178-0000-479d-6f6f7811d901}'/><Execution ProcessID='664' ThreadID='808'/><Channel>Security</Channel><Computer>DESKTOP-LJSP0ER</Computer><Security/></System><EventData><Data Name='TargetUserName'>Cryptographic Operators</Data><Data Name='TargetDomainName'>Builtin</Data><Data Name='TargetSid'>S-1-5-32-569</Data><Data Name='SubjectUserSid'>S-1-5-21-3424135169-4158625805-3841904879-1001</Data><Data Name='SubjectUserName'>mthcht</Data><Data Name='SubjectDomainName'>DESKTOP-LJSP0ER</Data><Data Name='SubjectLogonId'>0x1b62b</Data><Data Name='CallerProcessId'>0x948</Data><Data Name='CallerProcessName'>C:\Windows\System32\WindowsPowerShell\v1.0\powershell.exe</Data></EventData></Event><Event xmlns='http://schemas.microsoft.com/win/2004/08/events/event'><System><Provider Name='Microsoft-Windows-Security-Auditing' Guid='{54849625-5478-4994-a5ba-3e3b0328c30d}'/><EventID>4799</EventID><Version>0</Version><Level>0</Level><Task>13826</Task><Opcode>0</Opcode><Keywords>0x8020000000000000</Keywords><TimeCreated SystemTime='2022-12-17T09:59:53.5043921Z'/><EventRecordID>37629</EventRecordID><Correlation ActivityID='{6f6f9c4e-1178-0000-479d-6f6f7811d901}'/><Execution ProcessID='664' ThreadID='808'/><Channel>Security</Channel><Computer>DESKTOP-LJSP0ER</Computer><Security/></System><EventData><Data Name='TargetUserName'>Backup Operators</Data><Data Name='TargetDomainName'>Builtin</Data><Data Name='TargetSid'>S-1-5-32-551</Data><Data Name='SubjectUserSid'>S-1-5-21-3424135169-4158625805-3841904879-1001</Data><Data Name='SubjectUserName'>mthcht</Data><Data Name='SubjectDomainName'>DESKTOP-LJSP0ER</Data><Data Name='SubjectLogonId'>0x1b62b</Data><Data Name='CallerProcessId'>0x948</Data><Data Name='CallerProcessName'>C:\Windows\System32\WindowsPowerShell\v1.0\powershell.exe</Data></EventData></Event><Event xmlns='http://schemas.microsoft.com/win/2004/08/events/event'><System><Provider Name='Microsoft-Windows-Security-Auditing' Guid='{54849625-5478-4994-a5ba-3e3b0328c30d}'/><EventID>4799</EventID><Version>0</Version><Level>0</Level><Task>13826</Task><Opcode>0</Opcode><Keywords>0x8020000000000000</Keywords><TimeCreated SystemTime='2022-12-17T09:59:53.5037101Z'/><EventRecordID>37626</EventRecordID><Correlation ActivityID='{6f6f9c4e-1178-0000-479d-6f6f7811d901}'/><Execution ProcessID='664' ThreadID='808'/><Channel>Security</Channel><Computer>DESKTOP-LJSP0ER</Computer><Security/></System><EventData><Data Name='TargetUserName'>Administrators</Data><Data Name='TargetDomainName'>Builtin</Data><Data Name='TargetSid'>S-1-5-32-544</Data><Data Name='SubjectUserSid'>S-1-5-21-3424135169-4158625805-3841904879-1001</Data><Data Name='SubjectUserName'>mthcht</Data><Data Name='SubjectDomainName'>DESKTOP-LJSP0ER</Data><Data Name='SubjectLogonId'>0x1b62b</Data><Data Name='CallerProcessId'>0x948</Data><Data Name='CallerProcessName'>C:\Windows\System32\WindowsPowerShell\v1.0\powershell.exe</Data></EventData></Event><Event xmlns='http://schemas.microsoft.com/win/2004/08/events/event'><System><Provider Name='Microsoft-Windows-Security-Auditing' Guid='{54849625-5478-4994-a5ba-3e3b0328c30d}'/><EventID>4799</EventID><Version>0</Version><Level>0</Level><Task>13826</Task><Opcode>0</Opcode><Keywords>0x8020000000000000</Keywords><TimeCreated SystemTime='2022-12-17T09:59:53.4960847Z'/><EventRecordID>37623</EventRecordID><Correlation ActivityID='{6f6f9c4e-1178-0000-479d-6f6f7811d901}'/><Execution ProcessID='664' ThreadID='808'/><Channel>Security</Channel><Computer>DESKTOP-LJSP0ER</Computer><Security/></System><EventData><Data Name='TargetUserName'>Access Control Assistance Operators</Data><Data Name='TargetDomainName'>Builtin</Data><Data Name='TargetSid'>S-1-5-32-579</Data><Data Name='SubjectUserSid'>S-1-5-21-3424135169-4158625805-3841904879-1001</Data><Data Name='SubjectUserName'>mthcht</Data><Data Name='SubjectDomainName'>DESKTOP-LJSP0ER</Data><Data Name='SubjectLogonId'>0x1b62b</Data><Data Name='CallerProcessId'>0x948</Data><Data Name='CallerProcessName'>C:\Windows\System32\WindowsPowerShell\v1.0\powershell.exe</Data></EventData></Event><Event xmlns='http://schemas.microsoft.com/win/2004/08/events/event'><System><Provider Name='Microsoft-Windows-Security-Auditing' Guid='{54849625-5478-4994-a5ba-3e3b0328c30d}'/><EventID>4799</EventID><Version>0</Version><Level>0</Level><Task>13826</Task><Opcode>0</Opcode><Keywords>0x8020000000000000</Keywords><TimeCreated SystemTime='2022-12-17T09:51:54.9698424Z'/><EventRecordID>35680</EventRecordID><Correlation ActivityID='{6f6f9c4e-1178-0000-479d-6f6f7811d901}'/><Execution ProcessID='664' ThreadID='1140'/><Channel>Security</Channel><Computer>DESKTOP-LJSP0ER</Computer><Security/></System><EventData><Data Name='TargetUserName'>Backup Operators</Data><Data Name='TargetDomainName'>Builtin</Data><Data Name='TargetSid'>S-1-5-32-551</Data><Data Name='SubjectUserSid'>S-1-5-18</Data><Data Name='SubjectUserName'>DESKTOP-LJSP0ER$</Data><Data Name='SubjectDomainName'>WORKGROUP</Data><Data Name='SubjectLogonId'>0x3e7</Data><Data Name='CallerProcessId'>0x4a0</Data><Data Name='CallerProcessName'>C:\Windows\System32\svchost.exe</Data></EventData></Event><Event xmlns='http://schemas.microsoft.com/win/2004/08/events/event'><System><Provider Name='Microsoft-Windows-Security-Auditing' Guid='{54849625-5478-4994-a5ba-3e3b0328c30d}'/><EventID>4799</EventID><Version>0</Version><Level>0</Level><Task>13826</Task><Opcode>0</Opcode><Keywords>0x8020000000000000</Keywords><TimeCreated SystemTime='2022-12-17T09:51:54.9688538Z'/><EventRecordID>35679</EventRecordID><Correlation ActivityID='{6f6f9c4e-1178-0000-479d-6f6f7811d901}'/><Execution ProcessID='664' ThreadID='1140'/><Channel>Security</Channel><Computer>DESKTOP-LJSP0ER</Computer><Security/></System><EventData><Data Name='TargetUserName'>Administrators</Data><Data Name='TargetDomainName'>Builtin</Data><Data Name='TargetSid'>S-1-5-32-544</Data><Data Name='SubjectUserSid'>S-1-5-18</Data><Data Name='SubjectUserName'>DESKTOP-LJSP0ER$</Data><Data Name='SubjectDomainName'>WORKGROUP</Data><Data Name='SubjectLogonId'>0x3e7</Data><Data Name='CallerProcessId'>0x4a0</Data><Data Name='CallerProcessName'>C:\Windows\System32\svchost.exe</Data></EventData></Event><Event xmlns='http://schemas.microsoft.com/win/2004/08/events/event'><System><Provider Name='Microsoft-Windows-Security-Auditing' Guid='{54849625-5478-4994-a5ba-3e3b0328c30d}'/><EventID>4799</EventID><Version>0</Version><Level>0</Level><Task>13826</Task><Opcode>0</Opcode><Keywords>0x8020000000000000</Keywords><TimeCreated SystemTime='2022-12-17T09:50:44.1937789Z'/><EventRecordID>35265</EventRecordID><Correlation ActivityID='{6f6f9c4e-1178-0000-479d-6f6f7811d901}'/><Execution ProcessID='664' ThreadID='1120'/><Channel>Security</Channel><Computer>DESKTOP-LJSP0ER</Computer><Security/></System><EventData><Data Name='TargetUserName'>Users</Data><Data Name='TargetDomainName'>Builtin</Data><Data Name='TargetSid'>S-1-5-32-545</Data><Data Name='SubjectUserSid'>S-1-5-18</Data><Data Name='SubjectUserName'>DESKTOP-LJSP0ER$</Data><Data Name='SubjectDomainName'>WORKGROUP</Data><Data Name='SubjectLogonId'>0x3e7</Data><Data Name='CallerProcessId'>0x10fc</Data><Data Name='CallerProcessName'>C:\Program Files (x86)\Microsoft\EdgeUpdate\Install\{6FA9FEA3-BDA2-463D-B205-73EAA6131A40}\EDGEMITMP_20AC3.tmp\setup.exe</Data></EventData></Event><Event xmlns='http://schemas.microsoft.com/win/2004/08/events/event'><System><Provider Name='Microsoft-Windows-Security-Auditing' Guid='{54849625-5478-4994-a5ba-3e3b0328c30d}'/><EventID>4799</EventID><Version>0</Version><Level>0</Level><Task>13826</Task><Opcode>0</Opcode><Keywords>0x8020000000000000</Keywords><TimeCreated SystemTime='2022-12-17T09:48:54.0921575Z'/><EventRecordID>33871</EventRecordID><Correlation ActivityID='{6f6f9c4e-1178-0000-479d-6f6f7811d901}'/><Execution ProcessID='664' ThreadID='1120'/><Channel>Security</Channel><Computer>DESKTOP-LJSP0ER</Computer><Security/></System><EventData><Data Name='TargetUserName'>Backup Operators</Data><Data Name='TargetDomainName'>Builtin</Data><Data Name='TargetSid'>S-1-5-32-551</Data><Data Name='SubjectUserSid'>S-1-5-18</Data><Data Name='SubjectUserName'>DESKTOP-LJSP0ER$</Data><Data Name='SubjectDomainName'>WORKGROUP</Data><Data Name='SubjectLogonId'>0x3e7</Data><Data Name='CallerProcessId'>0x4a0</Data><Data Name='CallerProcessName'>C:\Windows\System32\svchost.exe</Data></EventData></Event><Event xmlns='http://schemas.microsoft.com/win/2004/08/events/event'><System><Provider Name='Microsoft-Windows-Security-Auditing' Guid='{54849625-5478-4994-a5ba-3e3b0328c30d}'/><EventID>4799</EventID><Version>0</Version><Level>0</Level><Task>13826</Task><Opcode>0</Opcode><Keywords>0x8020000000000000</Keywords><TimeCreated SystemTime='2022-12-17T09:48:54.0910604Z'/><EventRecordID>33870</EventRecordID><Correlation ActivityID='{6f6f9c4e-1178-0000-479d-6f6f7811d901}'/><Execution ProcessID='664' ThreadID='1120'/><Channel>Security</Channel><Computer>DESKTOP-LJSP0ER</Computer><Security/></System><EventData><Data Name='TargetUserName'>Administrators</Data><Data Name='TargetDomainName'>Builtin</Data><Data Name='TargetSid'>S-1-5-32-544</Data><Data Name='SubjectUserSid'>S-1-5-18</Data><Data Name='SubjectUserName'>DESKTOP-LJSP0ER$</Data><Data Name='SubjectDomainName'>WORKGROUP</Data><Data Name='SubjectLogonId'>0x3e7</Data><Data Name='CallerProcessId'>0x4a0</Data><Data Name='CallerProcessName'>C:\Windows\System32\svchost.exe</Data></EventData></Event><Event xmlns='http://schemas.microsoft.com/win/2004/08/events/event'><System><Provider Name='Microsoft-Windows-Security-Auditing' Guid='{54849625-5478-4994-a5ba-3e3b0328c30d}'/><EventID>4799</EventID><Version>0</Version><Level>0</Level><Task>13826</Task><Opcode>0</Opcode><Keywords>0x8020000000000000</Keywords><TimeCreated SystemTime='2022-12-16T23:03:22.6132382Z'/><EventRecordID>28463</EventRecordID><Correlation ActivityID='{6f6f9c4e-1178-0000-479d-6f6f7811d901}'/><Execution ProcessID='664' ThreadID='1120'/><Channel>Security</Channel><Computer>DESKTOP-LJSP0ER</Computer><Security/></System><EventData><Data Name='TargetUserName'>Backup Operators</Data><Data Name='TargetDomainName'>Builtin</Data><Data Name='TargetSid'>S-1-5-32-551</Data><Data Name='SubjectUserSid'>S-1-5-18</Data><Data Name='SubjectUserName'>DESKTOP-LJSP0ER$</Data><Data Name='SubjectDomainName'>WORKGROUP</Data><Data Name='SubjectLogonId'>0x3e7</Data><Data Name='CallerProcessId'>0x4a0</Data><Data Name='CallerProcessName'>C:\Windows\System32\svchost.exe</Data></EventData></Event><Event xmlns='http://schemas.microsoft.com/win/2004/08/events/event'><System><Provider Name='Microsoft-Windows-Security-Auditing' Guid='{54849625-5478-4994-a5ba-3e3b0328c30d}'/><EventID>4799</EventID><Version>0</Version><Level>0</Level><Task>13826</Task><Opcode>0</Opcode><Keywords>0x8020000000000000</Keywords><TimeCreated SystemTime='2022-12-16T23:03:22.6124320Z'/><EventRecordID>28462</EventRecordID><Correlation ActivityID='{6f6f9c4e-1178-0000-479d-6f6f7811d901}'/><Execution ProcessID='664' ThreadID='1120'/><Channel>Security</Channel><Computer>DESKTOP-LJSP0ER</Computer><Security/></System><EventData><Data Name='TargetUserName'>Administrators</Data><Data Name='TargetDomainName'>Builtin</Data><Data Name='TargetSid'>S-1-5-32-544</Data><Data Name='SubjectUserSid'>S-1-5-18</Data><Data Name='SubjectUserName'>DESKTOP-LJSP0ER$</Data><Data Name='SubjectDomainName'>WORKGROUP</Data><Data Name='SubjectLogonId'>0x3e7</Data><Data Name='CallerProcessId'>0x4a0</Data><Data Name='CallerProcessName'>C:\Windows\System32\svchost.exe</Data></EventData></Event><Event xmlns='http://schemas.microsoft.com/win/2004/08/events/event'><System><Provider Name='Microsoft-Windows-Security-Auditing' Guid='{54849625-5478-4994-a5ba-3e3b0328c30d}'/><EventID>4799</EventID><Version>0</Version><Level>0</Level><Task>13826</Task><Opcode>0</Opcode><Keywords>0x8020000000000000</Keywords><TimeCreated SystemTime='2022-12-16T18:02:11.9692762Z'/><EventRecordID>10002</EventRecordID><Correlation ActivityID='{6f6f9c4e-1178-0000-479d-6f6f7811d901}'/><Execution ProcessID='664' ThreadID='1120'/><Channel>Security</Channel><Computer>DESKTOP-LJSP0ER</Computer><Security/></System><EventData><Data Name='TargetUserName'>Backup Operators</Data><Data Name='TargetDomainName'>Builtin</Data><Data Name='TargetSid'>S-1-5-32-551</Data><Data Name='SubjectUserSid'>S-1-5-18</Data><Data Name='SubjectUserName'>DESKTOP-LJSP0ER$</Data><Data Name='SubjectDomainName'>WORKGROUP</Data><Data Name='SubjectLogonId'>0x3e7</Data><Data Name='CallerProcessId'>0x4a0</Data><Data Name='CallerProcessName'>C:\Windows\System32\svchost.exe</Data></EventData></Event><Event xmlns='http://schemas.microsoft.com/win/2004/08/events/event'><System><Provider Name='Microsoft-Windows-Security-Auditing' Guid='{54849625-5478-4994-a5ba-3e3b0328c30d}'/><EventID>4799</EventID><Version>0</Version><Level>0</Level><Task>13826</Task><Opcode>0</Opcode><Keywords>0x8020000000000000</Keywords><TimeCreated SystemTime='2022-12-16T18:02:11.9687820Z'/><EventRecordID>10001</EventRecordID><Correlation ActivityID='{6f6f9c4e-1178-0000-479d-6f6f7811d901}'/><Execution ProcessID='664' ThreadID='1120'/><Channel>Security</Channel><Computer>DESKTOP-LJSP0ER</Computer><Security/></System><EventData><Data Name='TargetUserName'>Administrators</Data><Data Name='TargetDomainName'>Builtin</Data><Data Name='TargetSid'>S-1-5-32-544</Data><Data Name='SubjectUserSid'>S-1-5-18</Data><Data Name='SubjectUserName'>DESKTOP-LJSP0ER$</Data><Data Name='SubjectDomainName'>WORKGROUP</Data><Data Name='SubjectLogonId'>0x3e7</Data><Data Name='CallerProcessId'>0x4a0</Data><Data Name='CallerProcessName'>C:\Windows\System32\svchost.exe</Data></EventData></Event><Event xmlns='http://schemas.microsoft.com/win/2004/08/events/event'><System><Provider Name='Microsoft-Windows-Security-Auditing' Guid='{54849625-5478-4994-a5ba-3e3b0328c30d}'/><EventID>4799</EventID><Version>0</Version><Level>0</Level><Task>13826</Task><Opcode>0</Opcode><Keywords>0x8020000000000000</Keywords><TimeCreated SystemTime='2022-12-16T18:01:58.3610309Z'/><EventRecordID>9758</EventRecordID><Correlation ActivityID='{6f6f9c4e-1178-0000-479d-6f6f7811d901}'/><Execution ProcessID='664' ThreadID='1120'/><Channel>Security</Channel><Computer>DESKTOP-LJSP0ER</Computer><Security/></System><EventData><Data Name='TargetUserName'>Backup Operators</Data><Data Name='TargetDomainName'>Builtin</Data><Data Name='TargetSid'>S-1-5-32-551</Data><Data Name='SubjectUserSid'>S-1-5-18</Data><Data Name='SubjectUserName'>DESKTOP-LJSP0ER$</Data><Data Name='SubjectDomainName'>WORKGROUP</Data><Data Name='SubjectLogonId'>0x3e7</Data><Data Name='CallerProcessId'>0x1324</Data><Data Name='CallerProcessName'>C:\Windows\System32\SearchIndexer.exe</Data></EventData></Event><Event xmlns='http://schemas.microsoft.com/win/2004/08/events/event'><System><Provider Name='Microsoft-Windows-Security-Auditing' Guid='{54849625-5478-4994-a5ba-3e3b0328c30d}'/><EventID>4799</EventID><Version>0</Version><Level>0</Level><Task>13826</Task><Opcode>0</Opcode><Keywords>0x8020000000000000</Keywords><TimeCreated SystemTime='2022-12-16T18:01:58.3496791Z'/><EventRecordID>9757</EventRecordID><Correlation ActivityID='{6f6f9c4e-1178-0000-479d-6f6f7811d901}'/><Execution ProcessID='664' ThreadID='1120'/><Channel>Security</Channel><Computer>DESKTOP-LJSP0ER</Computer><Security/></System><EventData><Data Name='TargetUserName'>Administrators</Data><Data Name='TargetDomainName'>Builtin</Data><Data Name='TargetSid'>S-1-5-32-544</Data><Data Name='SubjectUserSid'>S-1-5-18</Data><Data Name='SubjectUserName'>DESKTOP-LJSP0ER$</Data><Data Name='SubjectDomainName'>WORKGROUP</Data><Data Name='SubjectLogonId'>0x3e7</Data><Data Name='CallerProcessId'>0x1324</Data><Data Name='CallerProcessName'>C:\Windows\System32\SearchIndexer.exe</Data></EventData></Event><Event xmlns='http://schemas.microsoft.com/win/2004/08/events/event'><System><Provider Name='Microsoft-Windows-Security-Auditing' Guid='{54849625-5478-4994-a5ba-3e3b0328c30d}'/><EventID>4799</EventID><Version>0</Version><Level>0</Level><Task>13826</Task><Opcode>0</Opcode><Keywords>0x8020000000000000</Keywords><TimeCreated SystemTime='2022-12-16T18:01:53.0608963Z'/><EventRecordID>9643</EventRecordID><Correlation ActivityID='{6f6f9c4e-1178-0000-479d-6f6f7811d901}'/><Execution ProcessID='664' ThreadID='752'/><Channel>Security</Channel><Computer>DESKTOP-LJSP0ER</Computer><Security/></System><EventData><Data Name='TargetUserName'>Backup Operators</Data><Data Name='TargetDomainName'>Builtin</Data><Data Name='TargetSid'>S-1-5-32-551</Data><Data Name='SubjectUserSid'>S-1-5-18</Data><Data Name='SubjectUserName'>DESKTOP-LJSP0ER$</Data><Data Name='SubjectDomainName'>WORKGROUP</Data><Data Name='SubjectLogonId'>0x3e7</Data><Data Name='CallerProcessId'>0xc38</Data><Data Name='CallerProcessName'>C:\Windows\System32\VSSVC.exe</Data></EventData></Event><Event xmlns='http://schemas.microsoft.com/win/2004/08/events/event'><System><Provider Name='Microsoft-Windows-Security-Auditing' Guid='{54849625-5478-4994-a5ba-3e3b0328c30d}'/><EventID>4799</EventID><Version>0</Version><Level>0</Level><Task>13826</Task><Opcode>0</Opcode><Keywords>0x8020000000000000</Keywords><TimeCreated SystemTime='2022-12-16T18:01:53.0603976Z'/><EventRecordID>9642</EventRecordID><Correlation ActivityID='{6f6f9c4e-1178-0000-479d-6f6f7811d901}'/><Execution ProcessID='664' ThreadID='752'/><Channel>Security</Channel><Computer>DESKTOP-LJSP0ER</Computer><Security/></System><EventData><Data Name='TargetUserName'>Administrators</Data><Data Name='TargetDomainName'>Builtin</Data><Data Name='TargetSid'>S-1-5-32-544</Data><Data Name='SubjectUserSid'>S-1-5-18</Data><Data Name='SubjectUserName'>DESKTOP-LJSP0ER$</Data><Data Name='SubjectDomainName'>WORKGROUP</Data><Data Name='SubjectLogonId'>0x3e7</Data><Data Name='CallerProcessId'>0xc38</Data><Data Name='CallerProcessName'>C:\Windows\System32\VSSVC.exe</Data></EventData></Event><Event xmlns='http://schemas.microsoft.com/win/2004/08/events/event'><System><Provider Name='Microsoft-Windows-Security-Auditing' Guid='{54849625-5478-4994-a5ba-3e3b0328c30d}'/><EventID>4799</EventID><Version>0</Version><Level>0</Level><Task>13826</Task><Opcode>0</Opcode><Keywords>0x8020000000000000</Keywords><TimeCreated SystemTime='2022-12-16T18:01:52.7589807Z'/><EventRecordID>9614</EventRecordID><Correlation ActivityID='{6f6f9c4e-1178-0000-479d-6f6f7811d901}'/><Execution ProcessID='664' ThreadID='752'/><Channel>Security</Channel><Computer>DESKTOP-LJSP0ER</Computer><Security/></System><EventData><Data Name='TargetUserName'>Backup Operators</Data><Data Name='TargetDomainName'>Builtin</Data><Data Name='TargetSid'>S-1-5-32-551</Data><Data Name='SubjectUserSid'>S-1-5-18</Data><Data Name='SubjectUserName'>DESKTOP-LJSP0ER$</Data><Data Name='SubjectDomainName'>WORKGROUP</Data><Data Name='SubjectLogonId'>0x3e7</Data><Data Name='CallerProcessId'>0xc38</Data><Data Name='CallerProcessName'>C:\Windows\System32\VSSVC.exe</Data></EventData></Event><Event xmlns='http://schemas.microsoft.com/win/2004/08/events/event'><System><Provider Name='Microsoft-Windows-Security-Auditing' Guid='{54849625-5478-4994-a5ba-3e3b0328c30d}'/><EventID>4799</EventID><Version>0</Version><Level>0</Level><Task>13826</Task><Opcode>0</Opcode><Keywords>0x8020000000000000</Keywords><TimeCreated SystemTime='2022-12-16T18:01:52.7578813Z'/><EventRecordID>9613</EventRecordID><Correlation ActivityID='{6f6f9c4e-1178-0000-479d-6f6f7811d901}'/><Execution ProcessID='664' ThreadID='752'/><Channel>Security</Channel><Computer>DESKTOP-LJSP0ER</Computer><Security/></System><EventData><Data Name='TargetUserName'>Administrators</Data><Data Name='TargetDomainName'>Builtin</Data><Data Name='TargetSid'>S-1-5-32-544</Data><Data Name='SubjectUserSid'>S-1-5-18</Data><Data Name='SubjectUserName'>DESKTOP-LJSP0ER$</Data><Data Name='SubjectDomainName'>WORKGROUP</Data><Data Name='SubjectLogonId'>0x3e7</Data><Data Name='CallerProcessId'>0xc38</Data><Data Name='CallerProcessName'>C:\Windows\System32\VSSVC.exe</Data></EventData></Event><Event xmlns='http://schemas.microsoft.com/win/2004/08/events/event'><System><Provider Name='Microsoft-Windows-Security-Auditing' Guid='{54849625-5478-4994-a5ba-3e3b0328c30d}'/><EventID>4799</EventID><Version>0</Version><Level>0</Level><Task>13826</Task><Opcode>0</Opcode><Keywords>0x8020000000000000</Keywords><TimeCreated SystemTime='2022-12-16T18:01:52.3817596Z'/><EventRecordID>9434</EventRecordID><Correlation ActivityID='{6f6f9c4e-1178-0000-479d-6f6f7811d901}'/><Execution ProcessID='664' ThreadID='708'/><Channel>Security</Channel><Computer>DESKTOP-LJSP0ER</Computer><Security/></System><EventData><Data Name='TargetUserName'>Backup Operators</Data><Data Name='TargetDomainName'>Builtin</Data><Data Name='TargetSid'>S-1-5-32-551</Data><Data Name='SubjectUserSid'>S-1-5-18</Data><Data Name='SubjectUserName'>DESKTOP-LJSP0ER$</Data><Data Name='SubjectDomainName'>WORKGROUP</Data><Data Name='SubjectLogonId'>0x3e7</Data><Data Name='CallerProcessId'>0xc38</Data><Data Name='CallerProcessName'>C:\Windows\System32\VSSVC.exe</Data></EventData></Event><Event xmlns='http://schemas.microsoft.com/win/2004/08/events/event'><System><Provider Name='Microsoft-Windows-Security-Auditing' Guid='{54849625-5478-4994-a5ba-3e3b0328c30d}'/><EventID>4799</EventID><Version>0</Version><Level>0</Level><Task>13826</Task><Opcode>0</Opcode><Keywords>0x8020000000000000</Keywords><TimeCreated SystemTime='2022-12-16T18:01:52.3802370Z'/><EventRecordID>9433</EventRecordID><Correlation ActivityID='{6f6f9c4e-1178-0000-479d-6f6f7811d901}'/><Execution ProcessID='664' ThreadID='708'/><Channel>Security</Channel><Computer>DESKTOP-LJSP0ER</Computer><Security/></System><EventData><Data Name='TargetUserName'>Administrators</Data><Data Name='TargetDomainName'>Builtin</Data><Data Name='TargetSid'>S-1-5-32-544</Data><Data Name='SubjectUserSid'>S-1-5-18</Data><Data Name='SubjectUserName'>DESKTOP-LJSP0ER$</Data><Data Name='SubjectDomainName'>WORKGROUP</Data><Data Name='SubjectLogonId'>0x3e7</Data><Data Name='CallerProcessId'>0xc38</Data><Data Name='CallerProcessName'>C:\Windows\System32\VSSVC.exe</Data></EventData></Event><Event xmlns='http://schemas.microsoft.com/win/2004/08/events/event'><System><Provider Name='Microsoft-Windows-Security-Auditing' Guid='{54849625-5478-4994-a5ba-3e3b0328c30d}'/><EventID>4799</EventID><Version>0</Version><Level>0</Level><Task>13826</Task><Opcode>0</Opcode><Keywords>0x8020000000000000</Keywords><TimeCreated SystemTime='2022-12-16T18:01:51.4959313Z'/><EventRecordID>9240</EventRecordID><Correlation ActivityID='{6f6f9c4e-1178-0000-479d-6f6f7811d901}'/><Execution ProcessID='664' ThreadID='708'/><Channel>Security</Channel><Computer>DESKTOP-LJSP0ER</Computer><Security/></System><EventData><Data Name='TargetUserName'>Backup Operators</Data><Data Name='TargetDomainName'>Builtin</Data><Data Name='TargetSid'>S-1-5-32-551</Data><Data Name='SubjectUserSid'>S-1-5-18</Data><Data Name='SubjectUserName'>DESKTOP-LJSP0ER$</Data><Data Name='SubjectDomainName'>WORKGROUP</Data><Data Name='SubjectLogonId'>0x3e7</Data><Data Name='CallerProcessId'>0xc38</Data><Data Name='CallerProcessName'>C:\Windows\System32\VSSVC.exe</Data></EventData></Event><Event xmlns='http://schemas.microsoft.com/win/2004/08/events/event'><System><Provider Name='Microsoft-Windows-Security-Auditing' Guid='{54849625-5478-4994-a5ba-3e3b0328c30d}'/><EventID>4799</EventID><Version>0</Version><Level>0</Level><Task>13826</Task><Opcode>0</Opcode><Keywords>0x8020000000000000</Keywords><TimeCreated SystemTime='2022-12-16T18:01:51.4941355Z'/><EventRecordID>9239</EventRecordID><Correlation ActivityID='{6f6f9c4e-1178-0000-479d-6f6f7811d901}'/><Execution ProcessID='664' ThreadID='708'/><Channel>Security</Channel><Computer>DESKTOP-LJSP0ER</Computer><Security/></System><EventData><Data Name='TargetUserName'>Administrators</Data><Data Name='TargetDomainName'>Builtin</Data><Data Name='TargetSid'>S-1-5-32-544</Data><Data Name='SubjectUserSid'>S-1-5-18</Data><Data Name='SubjectUserName'>DESKTOP-LJSP0ER$</Data><Data Name='SubjectDomainName'>WORKGROUP</Data><Data Name='SubjectLogonId'>0x3e7</Data><Data Name='CallerProcessId'>0xc38</Data><Data Name='CallerProcessName'>C:\Windows\System32\VSSVC.exe</Data></EventData></Event><Event xmlns='http://schemas.microsoft.com/win/2004/08/events/event'><System><Provider Name='Microsoft-Windows-Security-Auditing' Guid='{54849625-5478-4994-a5ba-3e3b0328c30d}'/><EventID>4799</EventID><Version>0</Version><Level>0</Level><Task>13826</Task><Opcode>0</Opcode><Keywords>0x8020000000000000</Keywords><TimeCreated SystemTime='2022-12-16T18:01:46.2477419Z'/><EventRecordID>6737</EventRecordID><Correlation ActivityID='{6f6f9c4e-1178-0000-479d-6f6f7811d901}'/><Execution ProcessID='664' ThreadID='720'/><Channel>Security</Channel><Computer>DESKTOP-LJSP0ER</Computer><Security/></System><EventData><Data Name='TargetUserName'>Backup Operators</Data><Data Name='TargetDomainName'>Builtin</Data><Data Name='TargetSid'>S-1-5-32-551</Data><Data Name='SubjectUserSid'>S-1-5-18</Data><Data Name='SubjectUserName'>DESKTOP-LJSP0ER$</Data><Data Name='SubjectDomainName'>WORKGROUP</Data><Data Name='SubjectLogonId'>0x3e7</Data><Data Name='CallerProcessId'>0x4a0</Data><Data Name='CallerProcessName'>C:\Windows\System32\svchost.exe</Data></EventData></Event><Event xmlns='http://schemas.microsoft.com/win/2004/08/events/event'><System><Provider Name='Microsoft-Windows-Security-Auditing' Guid='{54849625-5478-4994-a5ba-3e3b0328c30d}'/><EventID>4799</EventID><Version>0</Version><Level>0</Level><Task>13826</Task><Opcode>0</Opcode><Keywords>0x8020000000000000</Keywords><TimeCreated SystemTime='2022-12-16T18:01:46.2458864Z'/><EventRecordID>6736</EventRecordID><Correlation ActivityID='{6f6f9c4e-1178-0000-479d-6f6f7811d901}'/><Execution ProcessID='664' ThreadID='720'/><Channel>Security</Channel><Computer>DESKTOP-LJSP0ER</Computer><Security/></System><EventData><Data Name='TargetUserName'>Administrators</Data><Data Name='TargetDomainName'>Builtin</Data><Data Name='TargetSid'>S-1-5-32-544</Data><Data Name='SubjectUserSid'>S-1-5-18</Data><Data Name='SubjectUserName'>DESKTOP-LJSP0ER$</Data><Data Name='SubjectDomainName'>WORKGROUP</Data><Data Name='SubjectLogonId'>0x3e7</Data><Data Name='CallerProcessId'>0x4a0</Data><Data Name='CallerProcessName'>C:\Windows\System32\svchost.exe</Data></EventData></Event><Event xmlns='http://schemas.microsoft.com/win/2004/08/events/event'><System><Provider Name='Microsoft-Windows-Security-Auditing' Guid='{54849625-5478-4994-a5ba-3e3b0328c30d}'/><EventID>4799</EventID><Version>0</Version><Level>0</Level><Task>13826</Task><Opcode>0</Opcode><Keywords>0x8020000000000000</Keywords><TimeCreated SystemTime='2022-12-16T18:01:45.4743990Z'/><EventRecordID>6476</EventRecordID><Correlation ActivityID='{6f6f9c4e-1178-0000-479d-6f6f7811d901}'/><Execution ProcessID='664' ThreadID='720'/><Channel>Security</Channel><Computer>DESKTOP-LJSP0ER</Computer><Security/></System><EventData><Data Name='TargetUserName'>Backup Operators</Data><Data Name='TargetDomainName'>Builtin</Data><Data Name='TargetSid'>S-1-5-32-551</Data><Data Name='SubjectUserSid'>S-1-5-20</Data><Data Name='SubjectUserName'>DESKTOP-LJSP0ER$</Data><Data Name='SubjectDomainName'>WORKGROUP</Data><Data Name='SubjectLogonId'>0x3e4</Data><Data Name='CallerProcessId'>0x660</Data><Data Name='CallerProcessName'>C:\Windows\System32\svchost.exe</Data></EventData></Event><Event xmlns='http://schemas.microsoft.com/win/2004/08/events/event'><System><Provider Name='Microsoft-Windows-Security-Auditing' Guid='{54849625-5478-4994-a5ba-3e3b0328c30d}'/><EventID>4799</EventID><Version>0</Version><Level>0</Level><Task>13826</Task><Opcode>0</Opcode><Keywords>0x8020000000000000</Keywords><TimeCreated SystemTime='2022-12-16T18:01:45.4736762Z'/><EventRecordID>6475</EventRecordID><Correlation ActivityID='{6f6f9c4e-1178-0000-479d-6f6f7811d901}'/><Execution ProcessID='664' ThreadID='720'/><Channel>Security</Channel><Computer>DESKTOP-LJSP0ER</Computer><Security/></System><EventData><Data Name='TargetUserName'>Administrators</Data><Data Name='TargetDomainName'>Builtin</Data><Data Name='TargetSid'>S-1-5-32-544</Data><Data Name='SubjectUserSid'>S-1-5-20</Data><Data Name='SubjectUserName'>DESKTOP-LJSP0ER$</Data><Data Name='SubjectDomainName'>WORKGROUP</Data><Data Name='SubjectLogonId'>0x3e4</Data><Data Name='CallerProcessId'>0x660</Data><Data Name='CallerProcessName'>C:\Windows\System32\svchost.exe</Data></EventData></Event><Event xmlns='http://schemas.microsoft.com/win/2004/08/events/event'><System><Provider Name='Microsoft-Windows-Security-Auditing' Guid='{54849625-5478-4994-a5ba-3e3b0328c30d}'/><EventID>4799</EventID><Version>0</Version><Level>0</Level><Task>13826</Task><Opcode>0</Opcode><Keywords>0x8020000000000000</Keywords><TimeCreated SystemTime='2022-12-16T18:01:44.6889942Z'/><EventRecordID>6428</EventRecordID><Correlation ActivityID='{6f6f9c4e-1178-0000-479d-6f6f7811d901}'/><Execution ProcessID='664' ThreadID='708'/><Channel>Security</Channel><Computer>DESKTOP-LJSP0ER</Computer><Security/></System><EventData><Data Name='TargetUserName'>Administrators</Data><Data Name='TargetDomainName'>Builtin</Data><Data Name='TargetSid'>S-1-5-32-544</Data><Data Name='SubjectUserSid'>S-1-5-18</Data><Data Name='SubjectUserName'>DESKTOP-LJSP0ER$</Data><Data Name='SubjectDomainName'>WORKGROUP</Data><Data Name='SubjectLogonId'>0x3e7</Data><Data Name='CallerProcessId'>0x4a0</Data><Data Name='CallerProcessName'>C:\Windows\System32\svchost.exe</Data></EventData></Event><Event xmlns='http://schemas.microsoft.com/win/2004/08/events/event'><System><Provider Name='Microsoft-Windows-Security-Auditing' Guid='{54849625-5478-4994-a5ba-3e3b0328c30d}'/><EventID>4799</EventID><Version>0</Version><Level>0</Level><Task>13826</Task><Opcode>0</Opcode><Keywords>0x8020000000000000</Keywords><TimeCreated SystemTime='2022-12-16T08:17:16.1695423Z'/><EventRecordID>1224</EventRecordID><Correlation ActivityID='{0fb10ee4-0f98-0001-740f-b10f980fd901}'/><Execution ProcessID='660' ThreadID='7152'/><Channel>Security</Channel><Computer>DESKTOP-LJSP0ER</Computer><Security/></System><EventData><Data Name='TargetUserName'>Backup Operators</Data><Data Name='TargetDomainName'>Builtin</Data><Data Name='TargetSid'>S-1-5-32-551</Data><Data Name='SubjectUserSid'>S-1-5-18</Data><Data Name='SubjectUserName'>DESKTOP-LJSP0ER$</Data><Data Name='SubjectDomainName'>WORKGROUP</Data><Data Name='SubjectLogonId'>0x3e7</Data><Data Name='CallerProcessId'>0x15c</Data><Data Name='CallerProcessName'>C:\Windows\System32\svchost.exe</Data></EventData></Event><Event xmlns='http://schemas.microsoft.com/win/2004/08/events/event'><System><Provider Name='Microsoft-Windows-Security-Auditing' Guid='{54849625-5478-4994-a5ba-3e3b0328c30d}'/><EventID>4799</EventID><Version>0</Version><Level>0</Level><Task>13826</Task><Opcode>0</Opcode><Keywords>0x8020000000000000</Keywords><TimeCreated SystemTime='2022-12-16T08:17:16.1683891Z'/><EventRecordID>1223</EventRecordID><Correlation ActivityID='{0fb10ee4-0f98-0001-740f-b10f980fd901}'/><Execution ProcessID='660' ThreadID='7152'/><Channel>Security</Channel><Computer>DESKTOP-LJSP0ER</Computer><Security/></System><EventData><Data Name='TargetUserName'>Administrators</Data><Data Name='TargetDomainName'>Builtin</Data><Data Name='TargetSid'>S-1-5-32-544</Data><Data Name='SubjectUserSid'>S-1-5-18</Data><Data Name='SubjectUserName'>DESKTOP-LJSP0ER$</Data><Data Name='SubjectDomainName'>WORKGROUP</Data><Data Name='SubjectLogonId'>0x3e7</Data><Data Name='CallerProcessId'>0x15c</Data><Data Name='CallerProcessName'>C:\Windows\System32\svchost.exe</Data></EventData></Event>